<?xml version="1.0" encoding="UTF-8"?>
<!-- Generated by org.testng.reporters.JUnitReportReporter -->
<testsuite hostname="BGC-BE-F232F781" name="runner.TestRunner" tests="2" failures="0" timestamp="30 Jan 2019 14:25:39 GMT" time="28.471" errors="0">
  <testcase name="feature" time="4.854" classname="runner.TestRunner"/>
  <testcase name="feature" time="23.617" classname="runner.TestRunner"/>
</testsuite> <!-- runner.TestRunner -->
