<?xml version="1.0" encoding="UTF-8"?>
<!-- Generated by org.testng.reporters.JUnitReportReporter -->
<testsuite hostname="BGC-BE-F232F781" name="stepdefs.TestRunner" tests="1" failures="0" timestamp="27 Jan 2019 16:17:10 GMT" time="0.317" errors="0">
  <testcase name="feature" time="0.317" classname="stepdefs.TestRunner"/>
</testsuite> <!-- stepdefs.TestRunner -->
